0 info it worked if it ends with ok
1 verbose cli [ 'node', '/usr/local/bin/npm', 'publish' ]
2 info using npm@2.11.3
3 info using node@v0.12.7
4 verbose publish [ '.' ]
5 silly cache add args [ '.', null ]
6 verbose cache add spec .
7 silly cache add parsed spec { raw: '.',
7 silly cache add   scope: null,
7 silly cache add   name: null,
7 silly cache add   rawSpec: '.',
7 silly cache add   spec: '/Users/winfinit/Documents/workspace/mongodb-download',
7 silly cache add   type: 'directory' }
8 verbose addLocalDirectory /Users/winfinit/.npm/mongodb-download/1.0.4/package.tgz not in flight; packing
9 verbose tar pack [ '/Users/winfinit/.npm/mongodb-download/1.0.4/package.tgz',
9 verbose tar pack   '/Users/winfinit/Documents/workspace/mongodb-download' ]
10 verbose tarball /Users/winfinit/.npm/mongodb-download/1.0.4/package.tgz
11 verbose folder /Users/winfinit/Documents/workspace/mongodb-download
12 info prepublish mongodb-download@1.0.4
13 verbose addLocalTarball adding from inside cache /Users/winfinit/.npm/mongodb-download/1.0.4/package.tgz
14 silly cache afterAdd mongodb-download@1.0.4
15 verbose afterAdd /Users/winfinit/.npm/mongodb-download/1.0.4/package/package.json not in flight; writing
16 verbose afterAdd /Users/winfinit/.npm/mongodb-download/1.0.4/package/package.json written
17 silly publish { name: 'mongodb-download',
17 silly publish   version: '1.0.4',
17 silly publish   description: 'download mongodb prebuilt packages from mongodb',
17 silly publish   main: 'index.js',
17 silly publish   bin: { 'mongodb-download': 'cli.js' },
17 silly publish   scripts: { test: 'npm test' },
17 silly publish   repository:
17 silly publish    { type: 'git',
17 silly publish      url: 'git+https://github.com/winfinit/mongodb-download.git' },
17 silly publish   keywords: [ 'mongodb', 'download' ],
17 silly publish   author: { name: 'Roman Jurkov', email: 'winfinit@gmail.com' },
17 silly publish   license: 'ISC',
17 silly publish   bugs: { url: 'https://github.com/winfinit/mongodb-download/issues' },
17 silly publish   dependencies: { yargs: '^3.26.0', debug: '^2.2.0' },
17 silly publish   homepage: 'https://github.com/winfinit/mongodb-download#readme',
17 silly publish   readme: '# mongodb-download\n\n[![NPM](https://nodei.co/npm/mongodb-download.png)](https://nodei.co/npm/mongodb-download/)\n\ndownloads a MongoDB release zip/tgz from MongoDB\n\n### usage\n\n```plain\n$ npm install --global mongodb-download\n$ mongodb-download --version=3.0.6\n```\n\n```\nvar download = require(\'mongodb-download\')\n\ndownload({\n  version: \'3.0.6\',\n  arch: \'ia32\',\n  platform: \'win32\',\n  download_dir: \'./temp_download\' // defaults to os.tmpdir()\n}, function (err, location) {\n  // location will be the path of the archive that it downloaded.\n})\n```\n\nif you don\'t specify `arch` or `platform` args it will use `require(\'os\')` to get them from the current OS. specifying `version` is mandatory.',
17 silly publish   readmeFilename: 'README.md',
17 silly publish   gitHead: 'aa1780eb3a1a758ab357c3e19230bc55c4996e2a',
17 silly publish   _id: 'mongodb-download@1.0.4',
17 silly publish   _shasum: '5f585a1ddf26223b0841e90bd8994ec0183019f6',
17 silly publish   _from: '.' }
18 verbose getPublishConfig undefined
19 silly mapToRegistry name mongodb-download
20 silly mapToRegistry using default registry
21 silly mapToRegistry registry https://registry.npmjs.org/
22 silly mapToRegistry uri https://registry.npmjs.org/mongodb-download
23 verbose publish registryBase https://registry.npmjs.org/
24 silly publish uploading /Users/winfinit/.npm/mongodb-download/1.0.4/package.tgz
25 verbose request uri https://registry.npmjs.org/mongodb-download
26 verbose request sending authorization for write operation
27 info attempt registry request try #1 at 9:20:30 AM
28 verbose request id 532c3a4e9037ca1f
29 http request PUT https://registry.npmjs.org/mongodb-download
30 http 403 https://registry.npmjs.org/mongodb-download
31 verbose headers { 'content-type': 'application/json',
31 verbose headers   'cache-control': 'max-age=60',
31 verbose headers   'content-length': '95',
31 verbose headers   'accept-ranges': 'bytes',
31 verbose headers   date: 'Wed, 07 Oct 2015 13:20:31 GMT',
31 verbose headers   via: '1.1 varnish',
31 verbose headers   connection: 'keep-alive',
31 verbose headers   'x-served-by': 'cache-jfk1024-JFK',
31 verbose headers   'x-cache': 'MISS',
31 verbose headers   'x-cache-hits': '0',
31 verbose headers   'x-timer': 'S1444224030.534113,VS0,VE1059' }
32 verbose request invalidating /Users/winfinit/.npm/registry.npmjs.org/mongodb-download on PUT
33 error publish Failed PUT 403
34 verbose stack Error: "You cannot publish over the previously published version 1.0.4." : mongodb-download
34 verbose stack     at CachingRegistryClient.<anonymous> (/usr/local/lib/node_modules/npm/node_modules/npm-registry-client/lib/request.js:247:14)
34 verbose stack     at Request._callback (/usr/local/lib/node_modules/npm/node_modules/npm-registry-client/lib/request.js:170:14)
34 verbose stack     at Request.self.callback (/usr/local/lib/node_modules/npm/node_modules/request/request.js:354:22)
34 verbose stack     at Request.emit (events.js:110:17)
34 verbose stack     at Request.<anonymous> (/usr/local/lib/node_modules/npm/node_modules/request/request.js:1207:14)
34 verbose stack     at Request.emit (events.js:129:20)
34 verbose stack     at IncomingMessage.<anonymous> (/usr/local/lib/node_modules/npm/node_modules/request/request.js:1153:12)
34 verbose stack     at IncomingMessage.emit (events.js:129:20)
34 verbose stack     at _stream_readable.js:908:16
34 verbose stack     at process._tickCallback (node.js:355:11)
35 verbose statusCode 403
36 verbose pkgid mongodb-download
37 verbose cwd /Users/winfinit/Documents/workspace/mongodb-download
38 error Darwin 15.0.0
39 error argv "node" "/usr/local/bin/npm" "publish"
40 error node v0.12.7
41 error npm  v2.11.3
42 error code E403
43 error "You cannot publish over the previously published version 1.0.4." : mongodb-download
44 error If you need help, you may report this error at:
44 error     <https://github.com/npm/npm/issues>
45 verbose exit [ 1, true ]
